<?xml version="1.0" encoding="utf-8"?><testsuites name="pytest tests"><testsuite name="pytest" errors="0" failures="0" skipped="0" tests="15" time="6.118" timestamp="2026-06-08T13:50:49.297812+00:00" hostname="agent-env-da55ea72-8037-4754-a9df-052f2455d544"><testcase classname="backend.tests.test_auth_and_admin.TestRegister" name="test_register_new_user_returns_token_and_derived_name" time="0.008" /><testcase classname="backend.tests.test_auth_and_admin.TestRegister" name="test_register_admin_email_marks_is_admin" time="0.087" /><testcase classname="backend.tests.test_auth_and_admin.TestRegister" name="test_register_duplicate_returns_409" time="0.087" /><testcase classname="backend.tests.test_auth_and_admin.TestRegister" name="test_email_normalized_lowercase" time="0.044" /><testcase classname="backend.tests.test_auth_and_admin.TestLogin" name="test_login_unknown_email_404" time="0.043" /><testcase classname="backend.tests.test_auth_and_admin.TestLogin" name="test_login_updates_last_login" time="1.192" /><testcase classname="backend.tests.test_auth_and_admin.TestMe" name="test_me_requires_token" time="0.042" /><testcase classname="backend.tests.test_auth_and_admin.TestMe" name="test_me_with_token" time="0.044" /><testcase classname="backend.tests.test_auth_and_admin.TestAdminGating" name="test_usage_non_admin_403" time="0.043" /><testcase classname="backend.tests.test_auth_and_admin.TestAdminGating" name="test_usage_no_token_401" time="0.043" /><testcase classname="backend.tests.test_auth_and_admin.TestAdminGating" name="test_usage_admin_shape" time="0.133" /><testcase classname="backend.tests.test_auth_and_admin.TestAdminGating" name="test_access_log_admin_only_and_contains_register_and_login" time="0.044" /><testcase classname="backend.tests.test_auth_and_admin.TestAdminGating" name="test_access_log_forbidden_for_non_admin" time="0.043" /><testcase classname="backend.tests.test_auth_and_admin.TestEmailFallback" name="test_register_triggers_console_fallback" time="2.045" /><testcase classname="backend.tests.test_auth_and_admin.TestEmailFallback" name="test_login_triggers_console_fallback_with_login_subject" time="2.048" /></testsuite></testsuites>